
2014-03-20 14:05:03
[ERROR]-[Thread: main]-[com.jfinal.core.Config.startPlugins()]: Plugin start error: com.jfinal.ext.plugin.tablebind.AutoTableBindPlugin. 
com.mysql.jdbc.exceptions.jdbc4.MySQLSyntaxErrorException: Table 'jfinal-angular.basemodel' doesn't exist
com.jfinal.plugin.activerecord.ActiveRecordException: com.mysql.jdbc.exceptions.jdbc4.MySQLSyntaxErrorException: Table 'jfinal-angular.basemodel' doesn't exist
	at com.jfinal.plugin.activerecord.TableInfoBuilder.buildTableInfo(TableInfoBuilder.java:49)
	at com.jfinal.plugin.activerecord.ActiveRecordPlugin.start(ActiveRecordPlugin.java:118)
	at com.jfinal.ext.plugin.tablebind.AutoTableBindPlugin.start(AutoTableBindPlugin.java:123)
	at com.jfinal.core.Config.startPlugins(Config.java:78)
	at com.jfinal.core.Config.configJFinal(Config.java:48)
	at com.jfinal.core.JFinal.init(JFinal.java:68)
	at com.jfinal.core.JFinalFilter.init(JFinalFilter.java:49)
	at org.eclipse.jetty.servlet.FilterHolder.doStart(FilterHolder.java:119)
	at org.eclipse.jetty.util.component.AbstractLifeCycle.start(AbstractLifeCycle.java:64)
	at org.eclipse.jetty.servlet.ServletHandler.initialize(ServletHandler.java:724)
	at org.eclipse.jetty.servlet.ServletContextHandler.startContext(ServletContextHandler.java:265)
	at org.eclipse.jetty.webapp.WebAppContext.startContext(WebAppContext.java:1250)
	at org.eclipse.jetty.server.handler.ContextHandler.doStart(ContextHandler.java:706)
	at org.eclipse.jetty.webapp.WebAppContext.doStart(WebAppContext.java:492)
	at org.eclipse.jetty.util.component.AbstractLifeCycle.start(AbstractLifeCycle.java:64)
	at org.eclipse.jetty.server.handler.HandlerWrapper.doStart(HandlerWrapper.java:95)
	at org.eclipse.jetty.server.Server.doStart(Server.java:277)
	at org.eclipse.jetty.util.component.AbstractLifeCycle.start(AbstractLifeCycle.java:64)
	at com.jfinal.server.JettyServer.doStart(JettyServer.java:120)
	at com.jfinal.server.JettyServer.start(JettyServer.java:64)
	at com.jfinal.core.JFinal.start(JFinal.java:165)
	at org.zhubao.config.AngularConfig.main(AngularConfig.java:101)
Caused by: com.mysql.jdbc.exceptions.jdbc4.MySQLSyntaxErrorException: Table 'jfinal-angular.basemodel' doesn't exist
	at sun.reflect.NativeConstructorAccessorImpl.newInstance0(Native Method)
	at sun.reflect.NativeConstructorAccessorImpl.newInstance(NativeConstructorAccessorImpl.java:57)
	at sun.reflect.DelegatingConstructorAccessorImpl.newInstance(DelegatingConstructorAccessorImpl.java:45)
	at java.lang.reflect.Constructor.newInstance(Constructor.java:526)
	at com.mysql.jdbc.Util.handleNewInstance(Util.java:411)
	at com.mysql.jdbc.Util.getInstance(Util.java:386)
	at com.mysql.jdbc.SQLError.createSQLException(SQLError.java:1054)
	at com.mysql.jdbc.MysqlIO.checkErrorPacket(MysqlIO.java:4120)
	at com.mysql.jdbc.MysqlIO.checkErrorPacket(MysqlIO.java:4052)
	at com.mysql.jdbc.MysqlIO.sendCommand(MysqlIO.java:2503)
	at com.mysql.jdbc.MysqlIO.sqlQueryDirect(MysqlIO.java:2664)
	at com.mysql.jdbc.ConnectionImpl.execSQL(ConnectionImpl.java:2809)
	at com.mysql.jdbc.ConnectionImpl.execSQL(ConnectionImpl.java:2758)
	at com.mysql.jdbc.StatementImpl.executeQuery(StatementImpl.java:1612)
	at com.alibaba.druid.pool.DruidPooledStatement.executeQuery(DruidPooledStatement.java:109)
	at com.jfinal.plugin.activerecord.TableInfoBuilder.doBuildTableInfo(TableInfoBuilder.java:61)
	at com.jfinal.plugin.activerecord.TableInfoBuilder.buildTableInfo(TableInfoBuilder.java:44)
	... 21 more

2014-03-20 14:05:03
[WARN]-[Thread: main]-[org.eclipse.jetty.util.component.AbstractLifeCycle.setFailed()]: FAILED JFinal: java.lang.RuntimeException: Plugin start error: com.jfinal.ext.plugin.tablebind.AutoTableBindPlugin. 
com.mysql.jdbc.exceptions.jdbc4.MySQLSyntaxErrorException: Table 'jfinal-angular.basemodel' doesn't exist
java.lang.RuntimeException: Plugin start error: com.jfinal.ext.plugin.tablebind.AutoTableBindPlugin. 
com.mysql.jdbc.exceptions.jdbc4.MySQLSyntaxErrorException: Table 'jfinal-angular.basemodel' doesn't exist
	at com.jfinal.core.Config.startPlugins(Config.java:88)
	at com.jfinal.core.Config.configJFinal(Config.java:48)
	at com.jfinal.core.JFinal.init(JFinal.java:68)
	at com.jfinal.core.JFinalFilter.init(JFinalFilter.java:49)
	at org.eclipse.jetty.servlet.FilterHolder.doStart(FilterHolder.java:119)
	at org.eclipse.jetty.util.component.AbstractLifeCycle.start(AbstractLifeCycle.java:64)
	at org.eclipse.jetty.servlet.ServletHandler.initialize(ServletHandler.java:724)
	at org.eclipse.jetty.servlet.ServletContextHandler.startContext(ServletContextHandler.java:265)
	at org.eclipse.jetty.webapp.WebAppContext.startContext(WebAppContext.java:1250)
	at org.eclipse.jetty.server.handler.ContextHandler.doStart(ContextHandler.java:706)
	at org.eclipse.jetty.webapp.WebAppContext.doStart(WebAppContext.java:492)
	at org.eclipse.jetty.util.component.AbstractLifeCycle.start(AbstractLifeCycle.java:64)
	at org.eclipse.jetty.server.handler.HandlerWrapper.doStart(HandlerWrapper.java:95)
	at org.eclipse.jetty.server.Server.doStart(Server.java:277)
	at org.eclipse.jetty.util.component.AbstractLifeCycle.start(AbstractLifeCycle.java:64)
	at com.jfinal.server.JettyServer.doStart(JettyServer.java:120)
	at com.jfinal.server.JettyServer.start(JettyServer.java:64)
	at com.jfinal.core.JFinal.start(JFinal.java:165)
	at org.zhubao.config.AngularConfig.main(AngularConfig.java:101)
Caused by: com.jfinal.plugin.activerecord.ActiveRecordException: com.mysql.jdbc.exceptions.jdbc4.MySQLSyntaxErrorException: Table 'jfinal-angular.basemodel' doesn't exist
	at com.jfinal.plugin.activerecord.TableInfoBuilder.buildTableInfo(TableInfoBuilder.java:49)
	at com.jfinal.plugin.activerecord.ActiveRecordPlugin.start(ActiveRecordPlugin.java:118)
	at com.jfinal.ext.plugin.tablebind.AutoTableBindPlugin.start(AutoTableBindPlugin.java:123)
	at com.jfinal.core.Config.startPlugins(Config.java:78)
	... 18 more
Caused by: com.mysql.jdbc.exceptions.jdbc4.MySQLSyntaxErrorException: Table 'jfinal-angular.basemodel' doesn't exist
	at sun.reflect.NativeConstructorAccessorImpl.newInstance0(Native Method)
	at sun.reflect.NativeConstructorAccessorImpl.newInstance(NativeConstructorAccessorImpl.java:57)
	at sun.reflect.DelegatingConstructorAccessorImpl.newInstance(DelegatingConstructorAccessorImpl.java:45)
	at java.lang.reflect.Constructor.newInstance(Constructor.java:526)
	at com.mysql.jdbc.Util.handleNewInstance(Util.java:411)
	at com.mysql.jdbc.Util.getInstance(Util.java:386)
	at com.mysql.jdbc.SQLError.createSQLException(SQLError.java:1054)
	at com.mysql.jdbc.MysqlIO.checkErrorPacket(MysqlIO.java:4120)
	at com.mysql.jdbc.MysqlIO.checkErrorPacket(MysqlIO.java:4052)
	at com.mysql.jdbc.MysqlIO.sendCommand(MysqlIO.java:2503)
	at com.mysql.jdbc.MysqlIO.sqlQueryDirect(MysqlIO.java:2664)
	at com.mysql.jdbc.ConnectionImpl.execSQL(ConnectionImpl.java:2809)
	at com.mysql.jdbc.ConnectionImpl.execSQL(ConnectionImpl.java:2758)
	at com.mysql.jdbc.StatementImpl.executeQuery(StatementImpl.java:1612)
	at com.alibaba.druid.pool.DruidPooledStatement.executeQuery(DruidPooledStatement.java:109)
	at com.jfinal.plugin.activerecord.TableInfoBuilder.doBuildTableInfo(TableInfoBuilder.java:61)
	at com.jfinal.plugin.activerecord.TableInfoBuilder.buildTableInfo(TableInfoBuilder.java:44)
	... 21 more

2014-03-20 14:05:03
[WARN]-[Thread: main]-[org.eclipse.jetty.webapp.WebAppContext.doStart()]: Failed startup of context o.e.j.w.WebAppContext{/,file:/C:/jason/jfinal-angular/WebContent/}
java.lang.RuntimeException: Plugin start error: com.jfinal.ext.plugin.tablebind.AutoTableBindPlugin. 
com.mysql.jdbc.exceptions.jdbc4.MySQLSyntaxErrorException: Table 'jfinal-angular.basemodel' doesn't exist
	at com.jfinal.core.Config.startPlugins(Config.java:88)
	at com.jfinal.core.Config.configJFinal(Config.java:48)
	at com.jfinal.core.JFinal.init(JFinal.java:68)
	at com.jfinal.core.JFinalFilter.init(JFinalFilter.java:49)
	at org.eclipse.jetty.servlet.FilterHolder.doStart(FilterHolder.java:119)
	at org.eclipse.jetty.util.component.AbstractLifeCycle.start(AbstractLifeCycle.java:64)
	at org.eclipse.jetty.servlet.ServletHandler.initialize(ServletHandler.java:724)
	at org.eclipse.jetty.servlet.ServletContextHandler.startContext(ServletContextHandler.java:265)
	at org.eclipse.jetty.webapp.WebAppContext.startContext(WebAppContext.java:1250)
	at org.eclipse.jetty.server.handler.ContextHandler.doStart(ContextHandler.java:706)
	at org.eclipse.jetty.webapp.WebAppContext.doStart(WebAppContext.java:492)
	at org.eclipse.jetty.util.component.AbstractLifeCycle.start(AbstractLifeCycle.java:64)
	at org.eclipse.jetty.server.handler.HandlerWrapper.doStart(HandlerWrapper.java:95)
	at org.eclipse.jetty.server.Server.doStart(Server.java:277)
	at org.eclipse.jetty.util.component.AbstractLifeCycle.start(AbstractLifeCycle.java:64)
	at com.jfinal.server.JettyServer.doStart(JettyServer.java:120)
	at com.jfinal.server.JettyServer.start(JettyServer.java:64)
	at com.jfinal.core.JFinal.start(JFinal.java:165)
	at org.zhubao.config.AngularConfig.main(AngularConfig.java:101)
Caused by: com.jfinal.plugin.activerecord.ActiveRecordException: com.mysql.jdbc.exceptions.jdbc4.MySQLSyntaxErrorException: Table 'jfinal-angular.basemodel' doesn't exist
	at com.jfinal.plugin.activerecord.TableInfoBuilder.buildTableInfo(TableInfoBuilder.java:49)
	at com.jfinal.plugin.activerecord.ActiveRecordPlugin.start(ActiveRecordPlugin.java:118)
	at com.jfinal.ext.plugin.tablebind.AutoTableBindPlugin.start(AutoTableBindPlugin.java:123)
	at com.jfinal.core.Config.startPlugins(Config.java:78)
	... 18 more
Caused by: com.mysql.jdbc.exceptions.jdbc4.MySQLSyntaxErrorException: Table 'jfinal-angular.basemodel' doesn't exist
	at sun.reflect.NativeConstructorAccessorImpl.newInstance0(Native Method)
	at sun.reflect.NativeConstructorAccessorImpl.newInstance(NativeConstructorAccessorImpl.java:57)
	at sun.reflect.DelegatingConstructorAccessorImpl.newInstance(DelegatingConstructorAccessorImpl.java:45)
	at java.lang.reflect.Constructor.newInstance(Constructor.java:526)
	at com.mysql.jdbc.Util.handleNewInstance(Util.java:411)
	at com.mysql.jdbc.Util.getInstance(Util.java:386)
	at com.mysql.jdbc.SQLError.createSQLException(SQLError.java:1054)
	at com.mysql.jdbc.MysqlIO.checkErrorPacket(MysqlIO.java:4120)
	at com.mysql.jdbc.MysqlIO.checkErrorPacket(MysqlIO.java:4052)
	at com.mysql.jdbc.MysqlIO.sendCommand(MysqlIO.java:2503)
	at com.mysql.jdbc.MysqlIO.sqlQueryDirect(MysqlIO.java:2664)
	at com.mysql.jdbc.ConnectionImpl.execSQL(ConnectionImpl.java:2809)
	at com.mysql.jdbc.ConnectionImpl.execSQL(ConnectionImpl.java:2758)
	at com.mysql.jdbc.StatementImpl.executeQuery(StatementImpl.java:1612)
	at com.alibaba.druid.pool.DruidPooledStatement.executeQuery(DruidPooledStatement.java:109)
	at com.jfinal.plugin.activerecord.TableInfoBuilder.doBuildTableInfo(TableInfoBuilder.java:61)
	at com.jfinal.plugin.activerecord.TableInfoBuilder.buildTableInfo(TableInfoBuilder.java:44)
	... 21 more

2014-03-20 14:25:59
[WARN]-[Thread: main]-[net.sf.ehcache.CacheManager.configure()]: One or more caches require a DiskStore but there is no diskStore element configured. Using the default disk store path of C:\DOCUME~1\jason.zhu\LOCALS~1\Temp\. Please explicitly configure the diskStore element in ehcache.xml.

2014-03-20 14:26:23
[WARN]-[Thread: main]-[net.sf.ehcache.CacheManager.configure()]: One or more caches require a DiskStore but there is no diskStore element configured. Using the default disk store path of C:\DOCUME~1\jason.zhu\LOCALS~1\Temp\. Please explicitly configure the diskStore element in ehcache.xml.

2014-03-20 14:27:11
[WARN]-[Thread: main]-[net.sf.ehcache.CacheManager.configure()]: One or more caches require a DiskStore but there is no diskStore element configured. Using the default disk store path of C:\DOCUME~1\jason.zhu\LOCALS~1\Temp\. Please explicitly configure the diskStore element in ehcache.xml.

2014-03-20 14:54:31
[ERROR]-[Thread: main]-[com.jfinal.core.Config.startPlugins()]: Plugin start error: com.jfinal.ext.plugin.tablebind.AutoTableBindPlugin. 
com.mysql.jdbc.exceptions.jdbc4.MySQLSyntaxErrorException: Table 'jfinal-angular.basemodel' doesn't exist
com.jfinal.plugin.activerecord.ActiveRecordException: com.mysql.jdbc.exceptions.jdbc4.MySQLSyntaxErrorException: Table 'jfinal-angular.basemodel' doesn't exist
	at com.jfinal.plugin.activerecord.TableInfoBuilder.buildTableInfo(TableInfoBuilder.java:49)
	at com.jfinal.plugin.activerecord.ActiveRecordPlugin.start(ActiveRecordPlugin.java:118)
	at com.jfinal.ext.plugin.tablebind.AutoTableBindPlugin.start(AutoTableBindPlugin.java:123)
	at com.jfinal.core.Config.startPlugins(Config.java:78)
	at com.jfinal.core.Config.configJFinal(Config.java:48)
	at com.jfinal.core.JFinal.init(JFinal.java:68)
	at com.jfinal.core.JFinalFilter.init(JFinalFilter.java:49)
	at org.eclipse.jetty.servlet.FilterHolder.doStart(FilterHolder.java:119)
	at org.eclipse.jetty.util.component.AbstractLifeCycle.start(AbstractLifeCycle.java:64)
	at org.eclipse.jetty.servlet.ServletHandler.initialize(ServletHandler.java:724)
	at org.eclipse.jetty.servlet.ServletContextHandler.startContext(ServletContextHandler.java:265)
	at org.eclipse.jetty.webapp.WebAppContext.startContext(WebAppContext.java:1250)
	at org.eclipse.jetty.server.handler.ContextHandler.doStart(ContextHandler.java:706)
	at org.eclipse.jetty.webapp.WebAppContext.doStart(WebAppContext.java:492)
	at org.eclipse.jetty.util.component.AbstractLifeCycle.start(AbstractLifeCycle.java:64)
	at org.eclipse.jetty.server.handler.HandlerWrapper.doStart(HandlerWrapper.java:95)
	at org.eclipse.jetty.server.Server.doStart(Server.java:277)
	at org.eclipse.jetty.util.component.AbstractLifeCycle.start(AbstractLifeCycle.java:64)
	at com.jfinal.server.JettyServer.doStart(JettyServer.java:120)
	at com.jfinal.server.JettyServer.start(JettyServer.java:64)
	at com.jfinal.core.JFinal.start(JFinal.java:165)
	at org.zhubao.config.AngularConfig.main(AngularConfig.java:100)
Caused by: com.mysql.jdbc.exceptions.jdbc4.MySQLSyntaxErrorException: Table 'jfinal-angular.basemodel' doesn't exist
	at sun.reflect.NativeConstructorAccessorImpl.newInstance0(Native Method)
	at sun.reflect.NativeConstructorAccessorImpl.newInstance(NativeConstructorAccessorImpl.java:57)
	at sun.reflect.DelegatingConstructorAccessorImpl.newInstance(DelegatingConstructorAccessorImpl.java:45)
	at java.lang.reflect.Constructor.newInstance(Constructor.java:526)
	at com.mysql.jdbc.Util.handleNewInstance(Util.java:411)
	at com.mysql.jdbc.Util.getInstance(Util.java:386)
	at com.mysql.jdbc.SQLError.createSQLException(SQLError.java:1054)
	at com.mysql.jdbc.MysqlIO.checkErrorPacket(MysqlIO.java:4120)
	at com.mysql.jdbc.MysqlIO.checkErrorPacket(MysqlIO.java:4052)
	at com.mysql.jdbc.MysqlIO.sendCommand(MysqlIO.java:2503)
	at com.mysql.jdbc.MysqlIO.sqlQueryDirect(MysqlIO.java:2664)
	at com.mysql.jdbc.ConnectionImpl.execSQL(ConnectionImpl.java:2809)
	at com.mysql.jdbc.ConnectionImpl.execSQL(ConnectionImpl.java:2758)
	at com.mysql.jdbc.StatementImpl.executeQuery(StatementImpl.java:1612)
	at com.alibaba.druid.pool.DruidPooledStatement.executeQuery(DruidPooledStatement.java:109)
	at com.jfinal.plugin.activerecord.TableInfoBuilder.doBuildTableInfo(TableInfoBuilder.java:61)
	at com.jfinal.plugin.activerecord.TableInfoBuilder.buildTableInfo(TableInfoBuilder.java:44)
	... 21 more

2014-03-20 14:54:31
[WARN]-[Thread: main]-[org.eclipse.jetty.util.component.AbstractLifeCycle.setFailed()]: FAILED JFinal: java.lang.RuntimeException: Plugin start error: com.jfinal.ext.plugin.tablebind.AutoTableBindPlugin. 
com.mysql.jdbc.exceptions.jdbc4.MySQLSyntaxErrorException: Table 'jfinal-angular.basemodel' doesn't exist
java.lang.RuntimeException: Plugin start error: com.jfinal.ext.plugin.tablebind.AutoTableBindPlugin. 
com.mysql.jdbc.exceptions.jdbc4.MySQLSyntaxErrorException: Table 'jfinal-angular.basemodel' doesn't exist
	at com.jfinal.core.Config.startPlugins(Config.java:88)
	at com.jfinal.core.Config.configJFinal(Config.java:48)
	at com.jfinal.core.JFinal.init(JFinal.java:68)
	at com.jfinal.core.JFinalFilter.init(JFinalFilter.java:49)
	at org.eclipse.jetty.servlet.FilterHolder.doStart(FilterHolder.java:119)
	at org.eclipse.jetty.util.component.AbstractLifeCycle.start(AbstractLifeCycle.java:64)
	at org.eclipse.jetty.servlet.ServletHandler.initialize(ServletHandler.java:724)
	at org.eclipse.jetty.servlet.ServletContextHandler.startContext(ServletContextHandler.java:265)
	at org.eclipse.jetty.webapp.WebAppContext.startContext(WebAppContext.java:1250)
	at org.eclipse.jetty.server.handler.ContextHandler.doStart(ContextHandler.java:706)
	at org.eclipse.jetty.webapp.WebAppContext.doStart(WebAppContext.java:492)
	at org.eclipse.jetty.util.component.AbstractLifeCycle.start(AbstractLifeCycle.java:64)
	at org.eclipse.jetty.server.handler.HandlerWrapper.doStart(HandlerWrapper.java:95)
	at org.eclipse.jetty.server.Server.doStart(Server.java:277)
	at org.eclipse.jetty.util.component.AbstractLifeCycle.start(AbstractLifeCycle.java:64)
	at com.jfinal.server.JettyServer.doStart(JettyServer.java:120)
	at com.jfinal.server.JettyServer.start(JettyServer.java:64)
	at com.jfinal.core.JFinal.start(JFinal.java:165)
	at org.zhubao.config.AngularConfig.main(AngularConfig.java:100)
Caused by: com.jfinal.plugin.activerecord.ActiveRecordException: com.mysql.jdbc.exceptions.jdbc4.MySQLSyntaxErrorException: Table 'jfinal-angular.basemodel' doesn't exist
	at com.jfinal.plugin.activerecord.TableInfoBuilder.buildTableInfo(TableInfoBuilder.java:49)
	at com.jfinal.plugin.activerecord.ActiveRecordPlugin.start(ActiveRecordPlugin.java:118)
	at com.jfinal.ext.plugin.tablebind.AutoTableBindPlugin.start(AutoTableBindPlugin.java:123)
	at com.jfinal.core.Config.startPlugins(Config.java:78)
	... 18 more
Caused by: com.mysql.jdbc.exceptions.jdbc4.MySQLSyntaxErrorException: Table 'jfinal-angular.basemodel' doesn't exist
	at sun.reflect.NativeConstructorAccessorImpl.newInstance0(Native Method)
	at sun.reflect.NativeConstructorAccessorImpl.newInstance(NativeConstructorAccessorImpl.java:57)
	at sun.reflect.DelegatingConstructorAccessorImpl.newInstance(DelegatingConstructorAccessorImpl.java:45)
	at java.lang.reflect.Constructor.newInstance(Constructor.java:526)
	at com.mysql.jdbc.Util.handleNewInstance(Util.java:411)
	at com.mysql.jdbc.Util.getInstance(Util.java:386)
	at com.mysql.jdbc.SQLError.createSQLException(SQLError.java:1054)
	at com.mysql.jdbc.MysqlIO.checkErrorPacket(MysqlIO.java:4120)
	at com.mysql.jdbc.MysqlIO.checkErrorPacket(MysqlIO.java:4052)
	at com.mysql.jdbc.MysqlIO.sendCommand(MysqlIO.java:2503)
	at com.mysql.jdbc.MysqlIO.sqlQueryDirect(MysqlIO.java:2664)
	at com.mysql.jdbc.ConnectionImpl.execSQL(ConnectionImpl.java:2809)
	at com.mysql.jdbc.ConnectionImpl.execSQL(ConnectionImpl.java:2758)
	at com.mysql.jdbc.StatementImpl.executeQuery(StatementImpl.java:1612)
	at com.alibaba.druid.pool.DruidPooledStatement.executeQuery(DruidPooledStatement.java:109)
	at com.jfinal.plugin.activerecord.TableInfoBuilder.doBuildTableInfo(TableInfoBuilder.java:61)
	at com.jfinal.plugin.activerecord.TableInfoBuilder.buildTableInfo(TableInfoBuilder.java:44)
	... 21 more

2014-03-20 14:54:31
[WARN]-[Thread: main]-[org.eclipse.jetty.webapp.WebAppContext.doStart()]: Failed startup of context o.e.j.w.WebAppContext{/,file:/C:/jason/jfinal-angular/WebContent/}
java.lang.RuntimeException: Plugin start error: com.jfinal.ext.plugin.tablebind.AutoTableBindPlugin. 
com.mysql.jdbc.exceptions.jdbc4.MySQLSyntaxErrorException: Table 'jfinal-angular.basemodel' doesn't exist
	at com.jfinal.core.Config.startPlugins(Config.java:88)
	at com.jfinal.core.Config.configJFinal(Config.java:48)
	at com.jfinal.core.JFinal.init(JFinal.java:68)
	at com.jfinal.core.JFinalFilter.init(JFinalFilter.java:49)
	at org.eclipse.jetty.servlet.FilterHolder.doStart(FilterHolder.java:119)
	at org.eclipse.jetty.util.component.AbstractLifeCycle.start(AbstractLifeCycle.java:64)
	at org.eclipse.jetty.servlet.ServletHandler.initialize(ServletHandler.java:724)
	at org.eclipse.jetty.servlet.ServletContextHandler.startContext(ServletContextHandler.java:265)
	at org.eclipse.jetty.webapp.WebAppContext.startContext(WebAppContext.java:1250)
	at org.eclipse.jetty.server.handler.ContextHandler.doStart(ContextHandler.java:706)
	at org.eclipse.jetty.webapp.WebAppContext.doStart(WebAppContext.java:492)
	at org.eclipse.jetty.util.component.AbstractLifeCycle.start(AbstractLifeCycle.java:64)
	at org.eclipse.jetty.server.handler.HandlerWrapper.doStart(HandlerWrapper.java:95)
	at org.eclipse.jetty.server.Server.doStart(Server.java:277)
	at org.eclipse.jetty.util.component.AbstractLifeCycle.start(AbstractLifeCycle.java:64)
	at com.jfinal.server.JettyServer.doStart(JettyServer.java:120)
	at com.jfinal.server.JettyServer.start(JettyServer.java:64)
	at com.jfinal.core.JFinal.start(JFinal.java:165)
	at org.zhubao.config.AngularConfig.main(AngularConfig.java:100)
Caused by: com.jfinal.plugin.activerecord.ActiveRecordException: com.mysql.jdbc.exceptions.jdbc4.MySQLSyntaxErrorException: Table 'jfinal-angular.basemodel' doesn't exist
	at com.jfinal.plugin.activerecord.TableInfoBuilder.buildTableInfo(TableInfoBuilder.java:49)
	at com.jfinal.plugin.activerecord.ActiveRecordPlugin.start(ActiveRecordPlugin.java:118)
	at com.jfinal.ext.plugin.tablebind.AutoTableBindPlugin.start(AutoTableBindPlugin.java:123)
	at com.jfinal.core.Config.startPlugins(Config.java:78)
	... 18 more
Caused by: com.mysql.jdbc.exceptions.jdbc4.MySQLSyntaxErrorException: Table 'jfinal-angular.basemodel' doesn't exist
	at sun.reflect.NativeConstructorAccessorImpl.newInstance0(Native Method)
	at sun.reflect.NativeConstructorAccessorImpl.newInstance(NativeConstructorAccessorImpl.java:57)
	at sun.reflect.DelegatingConstructorAccessorImpl.newInstance(DelegatingConstructorAccessorImpl.java:45)
	at java.lang.reflect.Constructor.newInstance(Constructor.java:526)
	at com.mysql.jdbc.Util.handleNewInstance(Util.java:411)
	at com.mysql.jdbc.Util.getInstance(Util.java:386)
	at com.mysql.jdbc.SQLError.createSQLException(SQLError.java:1054)
	at com.mysql.jdbc.MysqlIO.checkErrorPacket(MysqlIO.java:4120)
	at com.mysql.jdbc.MysqlIO.checkErrorPacket(MysqlIO.java:4052)
	at com.mysql.jdbc.MysqlIO.sendCommand(MysqlIO.java:2503)
	at com.mysql.jdbc.MysqlIO.sqlQueryDirect(MysqlIO.java:2664)
	at com.mysql.jdbc.ConnectionImpl.execSQL(ConnectionImpl.java:2809)
	at com.mysql.jdbc.ConnectionImpl.execSQL(ConnectionImpl.java:2758)
	at com.mysql.jdbc.StatementImpl.executeQuery(StatementImpl.java:1612)
	at com.alibaba.druid.pool.DruidPooledStatement.executeQuery(DruidPooledStatement.java:109)
	at com.jfinal.plugin.activerecord.TableInfoBuilder.doBuildTableInfo(TableInfoBuilder.java:61)
	at com.jfinal.plugin.activerecord.TableInfoBuilder.buildTableInfo(TableInfoBuilder.java:44)
	... 21 more

2014-03-20 15:18:20
[ERROR]-[Thread: main]-[com.jfinal.core.Config.startPlugins()]: Plugin start error: com.jfinal.ext.plugin.tablebind.AutoTableBindPlugin. 
com.mysql.jdbc.exceptions.jdbc4.MySQLSyntaxErrorException: Table 'jfinal-angular.basemodel' doesn't exist
com.jfinal.plugin.activerecord.ActiveRecordException: com.mysql.jdbc.exceptions.jdbc4.MySQLSyntaxErrorException: Table 'jfinal-angular.basemodel' doesn't exist
	at com.jfinal.plugin.activerecord.TableInfoBuilder.buildTableInfo(TableInfoBuilder.java:49)
	at com.jfinal.plugin.activerecord.ActiveRecordPlugin.start(ActiveRecordPlugin.java:118)
	at com.jfinal.ext.plugin.tablebind.AutoTableBindPlugin.start(AutoTableBindPlugin.java:123)
	at com.jfinal.core.Config.startPlugins(Config.java:78)
	at com.jfinal.core.Config.configJFinal(Config.java:48)
	at com.jfinal.core.JFinal.init(JFinal.java:68)
	at com.jfinal.core.JFinalFilter.init(JFinalFilter.java:49)
	at org.eclipse.jetty.servlet.FilterHolder.doStart(FilterHolder.java:119)
	at org.eclipse.jetty.util.component.AbstractLifeCycle.start(AbstractLifeCycle.java:64)
	at org.eclipse.jetty.servlet.ServletHandler.initialize(ServletHandler.java:724)
	at org.eclipse.jetty.servlet.ServletContextHandler.startContext(ServletContextHandler.java:265)
	at org.eclipse.jetty.webapp.WebAppContext.startContext(WebAppContext.java:1250)
	at org.eclipse.jetty.server.handler.ContextHandler.doStart(ContextHandler.java:706)
	at org.eclipse.jetty.webapp.WebAppContext.doStart(WebAppContext.java:492)
	at org.eclipse.jetty.util.component.AbstractLifeCycle.start(AbstractLifeCycle.java:64)
	at org.eclipse.jetty.server.handler.HandlerWrapper.doStart(HandlerWrapper.java:95)
	at org.eclipse.jetty.server.Server.doStart(Server.java:277)
	at org.eclipse.jetty.util.component.AbstractLifeCycle.start(AbstractLifeCycle.java:64)
	at com.jfinal.server.JettyServer.doStart(JettyServer.java:120)
	at com.jfinal.server.JettyServer.start(JettyServer.java:64)
	at com.jfinal.core.JFinal.start(JFinal.java:165)
	at org.zhubao.config.AngularConfig.main(AngularConfig.java:100)
Caused by: com.mysql.jdbc.exceptions.jdbc4.MySQLSyntaxErrorException: Table 'jfinal-angular.basemodel' doesn't exist
	at sun.reflect.NativeConstructorAccessorImpl.newInstance0(Native Method)
	at sun.reflect.NativeConstructorAccessorImpl.newInstance(NativeConstructorAccessorImpl.java:57)
	at sun.reflect.DelegatingConstructorAccessorImpl.newInstance(DelegatingConstructorAccessorImpl.java:45)
	at java.lang.reflect.Constructor.newInstance(Constructor.java:526)
	at com.mysql.jdbc.Util.handleNewInstance(Util.java:411)
	at com.mysql.jdbc.Util.getInstance(Util.java:386)
	at com.mysql.jdbc.SQLError.createSQLException(SQLError.java:1054)
	at com.mysql.jdbc.MysqlIO.checkErrorPacket(MysqlIO.java:4120)
	at com.mysql.jdbc.MysqlIO.checkErrorPacket(MysqlIO.java:4052)
	at com.mysql.jdbc.MysqlIO.sendCommand(MysqlIO.java:2503)
	at com.mysql.jdbc.MysqlIO.sqlQueryDirect(MysqlIO.java:2664)
	at com.mysql.jdbc.ConnectionImpl.execSQL(ConnectionImpl.java:2809)
	at com.mysql.jdbc.ConnectionImpl.execSQL(ConnectionImpl.java:2758)
	at com.mysql.jdbc.StatementImpl.executeQuery(StatementImpl.java:1612)
	at com.alibaba.druid.pool.DruidPooledStatement.executeQuery(DruidPooledStatement.java:109)
	at com.jfinal.plugin.activerecord.TableInfoBuilder.doBuildTableInfo(TableInfoBuilder.java:61)
	at com.jfinal.plugin.activerecord.TableInfoBuilder.buildTableInfo(TableInfoBuilder.java:44)
	... 21 more

2014-03-20 15:18:20
[WARN]-[Thread: main]-[org.eclipse.jetty.util.component.AbstractLifeCycle.setFailed()]: FAILED JFinal: java.lang.RuntimeException: Plugin start error: com.jfinal.ext.plugin.tablebind.AutoTableBindPlugin. 
com.mysql.jdbc.exceptions.jdbc4.MySQLSyntaxErrorException: Table 'jfinal-angular.basemodel' doesn't exist
java.lang.RuntimeException: Plugin start error: com.jfinal.ext.plugin.tablebind.AutoTableBindPlugin. 
com.mysql.jdbc.exceptions.jdbc4.MySQLSyntaxErrorException: Table 'jfinal-angular.basemodel' doesn't exist
	at com.jfinal.core.Config.startPlugins(Config.java:88)
	at com.jfinal.core.Config.configJFinal(Config.java:48)
	at com.jfinal.core.JFinal.init(JFinal.java:68)
	at com.jfinal.core.JFinalFilter.init(JFinalFilter.java:49)
	at org.eclipse.jetty.servlet.FilterHolder.doStart(FilterHolder.java:119)
	at org.eclipse.jetty.util.component.AbstractLifeCycle.start(AbstractLifeCycle.java:64)
	at org.eclipse.jetty.servlet.ServletHandler.initialize(ServletHandler.java:724)
	at org.eclipse.jetty.servlet.ServletContextHandler.startContext(ServletContextHandler.java:265)
	at org.eclipse.jetty.webapp.WebAppContext.startContext(WebAppContext.java:1250)
	at org.eclipse.jetty.server.handler.ContextHandler.doStart(ContextHandler.java:706)
	at org.eclipse.jetty.webapp.WebAppContext.doStart(WebAppContext.java:492)
	at org.eclipse.jetty.util.component.AbstractLifeCycle.start(AbstractLifeCycle.java:64)
	at org.eclipse.jetty.server.handler.HandlerWrapper.doStart(HandlerWrapper.java:95)
	at org.eclipse.jetty.server.Server.doStart(Server.java:277)
	at org.eclipse.jetty.util.component.AbstractLifeCycle.start(AbstractLifeCycle.java:64)
	at com.jfinal.server.JettyServer.doStart(JettyServer.java:120)
	at com.jfinal.server.JettyServer.start(JettyServer.java:64)
	at com.jfinal.core.JFinal.start(JFinal.java:165)
	at org.zhubao.config.AngularConfig.main(AngularConfig.java:100)
Caused by: com.jfinal.plugin.activerecord.ActiveRecordException: com.mysql.jdbc.exceptions.jdbc4.MySQLSyntaxErrorException: Table 'jfinal-angular.basemodel' doesn't exist
	at com.jfinal.plugin.activerecord.TableInfoBuilder.buildTableInfo(TableInfoBuilder.java:49)
	at com.jfinal.plugin.activerecord.ActiveRecordPlugin.start(ActiveRecordPlugin.java:118)
	at com.jfinal.ext.plugin.tablebind.AutoTableBindPlugin.start(AutoTableBindPlugin.java:123)
	at com.jfinal.core.Config.startPlugins(Config.java:78)
	... 18 more
Caused by: com.mysql.jdbc.exceptions.jdbc4.MySQLSyntaxErrorException: Table 'jfinal-angular.basemodel' doesn't exist
	at sun.reflect.NativeConstructorAccessorImpl.newInstance0(Native Method)
	at sun.reflect.NativeConstructorAccessorImpl.newInstance(NativeConstructorAccessorImpl.java:57)
	at sun.reflect.DelegatingConstructorAccessorImpl.newInstance(DelegatingConstructorAccessorImpl.java:45)
	at java.lang.reflect.Constructor.newInstance(Constructor.java:526)
	at com.mysql.jdbc.Util.handleNewInstance(Util.java:411)
	at com.mysql.jdbc.Util.getInstance(Util.java:386)
	at com.mysql.jdbc.SQLError.createSQLException(SQLError.java:1054)
	at com.mysql.jdbc.MysqlIO.checkErrorPacket(MysqlIO.java:4120)
	at com.mysql.jdbc.MysqlIO.checkErrorPacket(MysqlIO.java:4052)
	at com.mysql.jdbc.MysqlIO.sendCommand(MysqlIO.java:2503)
	at com.mysql.jdbc.MysqlIO.sqlQueryDirect(MysqlIO.java:2664)
	at com.mysql.jdbc.ConnectionImpl.execSQL(ConnectionImpl.java:2809)
	at com.mysql.jdbc.ConnectionImpl.execSQL(ConnectionImpl.java:2758)
	at com.mysql.jdbc.StatementImpl.executeQuery(StatementImpl.java:1612)
	at com.alibaba.druid.pool.DruidPooledStatement.executeQuery(DruidPooledStatement.java:109)
	at com.jfinal.plugin.activerecord.TableInfoBuilder.doBuildTableInfo(TableInfoBuilder.java:61)
	at com.jfinal.plugin.activerecord.TableInfoBuilder.buildTableInfo(TableInfoBuilder.java:44)
	... 21 more

2014-03-20 15:18:20
[WARN]-[Thread: main]-[org.eclipse.jetty.webapp.WebAppContext.doStart()]: Failed startup of context o.e.j.w.WebAppContext{/,file:/C:/jason/jfinal-angular/WebContent/}
java.lang.RuntimeException: Plugin start error: com.jfinal.ext.plugin.tablebind.AutoTableBindPlugin. 
com.mysql.jdbc.exceptions.jdbc4.MySQLSyntaxErrorException: Table 'jfinal-angular.basemodel' doesn't exist
	at com.jfinal.core.Config.startPlugins(Config.java:88)
	at com.jfinal.core.Config.configJFinal(Config.java:48)
	at com.jfinal.core.JFinal.init(JFinal.java:68)
	at com.jfinal.core.JFinalFilter.init(JFinalFilter.java:49)
	at org.eclipse.jetty.servlet.FilterHolder.doStart(FilterHolder.java:119)
	at org.eclipse.jetty.util.component.AbstractLifeCycle.start(AbstractLifeCycle.java:64)
	at org.eclipse.jetty.servlet.ServletHandler.initialize(ServletHandler.java:724)
	at org.eclipse.jetty.servlet.ServletContextHandler.startContext(ServletContextHandler.java:265)
	at org.eclipse.jetty.webapp.WebAppContext.startContext(WebAppContext.java:1250)
	at org.eclipse.jetty.server.handler.ContextHandler.doStart(ContextHandler.java:706)
	at org.eclipse.jetty.webapp.WebAppContext.doStart(WebAppContext.java:492)
	at org.eclipse.jetty.util.component.AbstractLifeCycle.start(AbstractLifeCycle.java:64)
	at org.eclipse.jetty.server.handler.HandlerWrapper.doStart(HandlerWrapper.java:95)
	at org.eclipse.jetty.server.Server.doStart(Server.java:277)
	at org.eclipse.jetty.util.component.AbstractLifeCycle.start(AbstractLifeCycle.java:64)
	at com.jfinal.server.JettyServer.doStart(JettyServer.java:120)
	at com.jfinal.server.JettyServer.start(JettyServer.java:64)
	at com.jfinal.core.JFinal.start(JFinal.java:165)
	at org.zhubao.config.AngularConfig.main(AngularConfig.java:100)
Caused by: com.jfinal.plugin.activerecord.ActiveRecordException: com.mysql.jdbc.exceptions.jdbc4.MySQLSyntaxErrorException: Table 'jfinal-angular.basemodel' doesn't exist
	at com.jfinal.plugin.activerecord.TableInfoBuilder.buildTableInfo(TableInfoBuilder.java:49)
	at com.jfinal.plugin.activerecord.ActiveRecordPlugin.start(ActiveRecordPlugin.java:118)
	at com.jfinal.ext.plugin.tablebind.AutoTableBindPlugin.start(AutoTableBindPlugin.java:123)
	at com.jfinal.core.Config.startPlugins(Config.java:78)
	... 18 more
Caused by: com.mysql.jdbc.exceptions.jdbc4.MySQLSyntaxErrorException: Table 'jfinal-angular.basemodel' doesn't exist
	at sun.reflect.NativeConstructorAccessorImpl.newInstance0(Native Method)
	at sun.reflect.NativeConstructorAccessorImpl.newInstance(NativeConstructorAccessorImpl.java:57)
	at sun.reflect.DelegatingConstructorAccessorImpl.newInstance(DelegatingConstructorAccessorImpl.java:45)
	at java.lang.reflect.Constructor.newInstance(Constructor.java:526)
	at com.mysql.jdbc.Util.handleNewInstance(Util.java:411)
	at com.mysql.jdbc.Util.getInstance(Util.java:386)
	at com.mysql.jdbc.SQLError.createSQLException(SQLError.java:1054)
	at com.mysql.jdbc.MysqlIO.checkErrorPacket(MysqlIO.java:4120)
	at com.mysql.jdbc.MysqlIO.checkErrorPacket(MysqlIO.java:4052)
	at com.mysql.jdbc.MysqlIO.sendCommand(MysqlIO.java:2503)
	at com.mysql.jdbc.MysqlIO.sqlQueryDirect(MysqlIO.java:2664)
	at com.mysql.jdbc.ConnectionImpl.execSQL(ConnectionImpl.java:2809)
	at com.mysql.jdbc.ConnectionImpl.execSQL(ConnectionImpl.java:2758)
	at com.mysql.jdbc.StatementImpl.executeQuery(StatementImpl.java:1612)
	at com.alibaba.druid.pool.DruidPooledStatement.executeQuery(DruidPooledStatement.java:109)
	at com.jfinal.plugin.activerecord.TableInfoBuilder.doBuildTableInfo(TableInfoBuilder.java:61)
	at com.jfinal.plugin.activerecord.TableInfoBuilder.buildTableInfo(TableInfoBuilder.java:44)
	... 21 more

2014-03-20 15:22:52
[WARN]-[Thread: main]-[net.sf.ehcache.CacheManager.configure()]: One or more caches require a DiskStore but there is no diskStore element configured. Using the default disk store path of C:\DOCUME~1\jason.zhu\LOCALS~1\Temp\. Please explicitly configure the diskStore element in ehcache.xml.

2014-03-20 15:31:51
[WARN]-[Thread: main]-[net.sf.ehcache.CacheManager.configure()]: One or more caches require a DiskStore but there is no diskStore element configured. Using the default disk store path of C:\DOCUME~1\jason.zhu\LOCALS~1\Temp\. Please explicitly configure the diskStore element in ehcache.xml.

2014-03-20 16:01:04
[WARN]-[Thread: main]-[net.sf.ehcache.CacheManager.configure()]: One or more caches require a DiskStore but there is no diskStore element configured. Using the default disk store path of C:\DOCUME~1\jason.zhu\LOCALS~1\Temp\. Please explicitly configure the diskStore element in ehcache.xml.

2014-03-20 16:03:56
[WARN]-[Thread: main]-[net.sf.ehcache.CacheManager.configure()]: One or more caches require a DiskStore but there is no diskStore element configured. Using the default disk store path of C:\DOCUME~1\jason.zhu\LOCALS~1\Temp\. Please explicitly configure the diskStore element in ehcache.xml.

2014-03-20 16:14:39
[WARN]-[Thread: main]-[net.sf.ehcache.CacheManager.configure()]: One or more caches require a DiskStore but there is no diskStore element configured. Using the default disk store path of C:\DOCUME~1\jason.zhu\LOCALS~1\Temp\. Please explicitly configure the diskStore element in ehcache.xml.

2014-03-20 16:16:29
[WARN]-[Thread: main]-[net.sf.ehcache.CacheManager.configure()]: One or more caches require a DiskStore but there is no diskStore element configured. Using the default disk store path of C:\DOCUME~1\jason.zhu\LOCALS~1\Temp\. Please explicitly configure the diskStore element in ehcache.xml.

2014-03-20 16:21:50
[WARN]-[Thread: main]-[net.sf.ehcache.CacheManager.configure()]: One or more caches require a DiskStore but there is no diskStore element configured. Using the default disk store path of C:\DOCUME~1\jason.zhu\LOCALS~1\Temp\. Please explicitly configure the diskStore element in ehcache.xml.

2014-03-20 16:22:00
[ERROR]-[Thread: qtp28218725-33]-[com.jfinal.core.ActionHandler.handle()]: /index
com.jfinal.plugin.activerecord.ActiveRecordException: java.sql.SQLException: Parameter index out of range (2 > number of parameters, which is 1).
	at com.jfinal.plugin.activerecord.Db.find(Db.java:361)
	at com.jfinal.plugin.activerecord.Db.findFirst(Db.java:409)
	at org.zhubao.model.BaseModel.findByAttr(BaseModel.java:40)
	at org.zhubao.controller.CommonController.index(CommonController.java:24)
	at sun.reflect.NativeMethodAccessorImpl.invoke0(Native Method)
	at sun.reflect.NativeMethodAccessorImpl.invoke(NativeMethodAccessorImpl.java:57)
	at sun.reflect.DelegatingMethodAccessorImpl.invoke(DelegatingMethodAccessorImpl.java:43)
	at java.lang.reflect.Method.invoke(Method.java:606)
	at com.jfinal.core.ActionInvocation.invoke(ActionInvocation.java:55)
	at org.zhubao.interceptor.GlobalInterceptor.intercept(GlobalInterceptor.java:30)
	at com.jfinal.core.ActionInvocation.invoke(ActionInvocation.java:51)
	at com.jfinal.core.ActionHandler.handle(ActionHandler.java:73)
	at com.jfinal.core.JFinalFilter.doFilter(JFinalFilter.java:72)
	at org.eclipse.jetty.servlet.ServletHandler$CachedChain.doFilter(ServletHandler.java:1307)
	at org.eclipse.jetty.servlet.ServletHandler.doHandle(ServletHandler.java:453)
	at org.eclipse.jetty.server.handler.ScopedHandler.handle(ScopedHandler.java:137)
	at org.eclipse.jetty.security.SecurityHandler.handle(SecurityHandler.java:560)
	at org.eclipse.jetty.server.session.SessionHandler.doHandle(SessionHandler.java:231)
	at org.eclipse.jetty.server.handler.ContextHandler.doHandle(ContextHandler.java:1072)
	at org.eclipse.jetty.servlet.ServletHandler.doScope(ServletHandler.java:382)
	at org.eclipse.jetty.server.session.SessionHandler.doScope(SessionHandler.java:193)
	at org.eclipse.jetty.server.handler.ContextHandler.doScope(ContextHandler.java:1006)
	at org.eclipse.jetty.server.handler.ScopedHandler.handle(ScopedHandler.java:135)
	at org.eclipse.jetty.server.handler.HandlerWrapper.handle(HandlerWrapper.java:116)
	at org.eclipse.jetty.server.Server.handle(Server.java:365)
	at org.eclipse.jetty.server.AbstractHttpConnection.handleRequest(AbstractHttpConnection.java:485)
	at org.eclipse.jetty.server.AbstractHttpConnection.headerComplete(AbstractHttpConnection.java:926)
	at org.eclipse.jetty.server.AbstractHttpConnection$RequestHandler.headerComplete(AbstractHttpConnection.java:988)
	at org.eclipse.jetty.http.HttpParser.parseNext(HttpParser.java:635)
	at org.eclipse.jetty.http.HttpParser.parseAvailable(HttpParser.java:235)
	at org.eclipse.jetty.server.AsyncHttpConnection.handle(AsyncHttpConnection.java:82)
	at org.eclipse.jetty.io.nio.SelectChannelEndPoint.handle(SelectChannelEndPoint.java:628)
	at org.eclipse.jetty.io.nio.SelectChannelEndPoint$1.run(SelectChannelEndPoint.java:52)
	at org.eclipse.jetty.util.thread.QueuedThreadPool.runJob(QueuedThreadPool.java:608)
	at org.eclipse.jetty.util.thread.QueuedThreadPool$3.run(QueuedThreadPool.java:543)
	at java.lang.Thread.run(Thread.java:724)
Caused by: java.sql.SQLException: Parameter index out of range (2 > number of parameters, which is 1).
	at com.mysql.jdbc.SQLError.createSQLException(SQLError.java:1078)
	at com.mysql.jdbc.SQLError.createSQLException(SQLError.java:989)
	at com.mysql.jdbc.SQLError.createSQLException(SQLError.java:975)
	at com.mysql.jdbc.SQLError.createSQLException(SQLError.java:920)
	at com.mysql.jdbc.PreparedStatement.checkBounds(PreparedStatement.java:3813)
	at com.mysql.jdbc.PreparedStatement.setInternal(PreparedStatement.java:3795)
	at com.mysql.jdbc.PreparedStatement.setString(PreparedStatement.java:4616)
	at com.mysql.jdbc.PreparedStatement.setObject(PreparedStatement.java:4046)
	at com.alibaba.druid.pool.DruidPooledPreparedStatement.setObject(DruidPooledPreparedStatement.java:431)
	at com.jfinal.plugin.activerecord.dialect.Dialect.fillStatement(Dialect.java:74)
	at com.jfinal.plugin.activerecord.Db.find(Db.java:342)
	at com.jfinal.plugin.activerecord.Db.find(Db.java:359)
	... 35 more

2014-03-20 16:22:28
[WARN]-[Thread: main]-[net.sf.ehcache.CacheManager.configure()]: One or more caches require a DiskStore but there is no diskStore element configured. Using the default disk store path of C:\DOCUME~1\jason.zhu\LOCALS~1\Temp\. Please explicitly configure the diskStore element in ehcache.xml.
